[21:08:06] [ServerMain/INFO]: Environment: Environment[sessionHost=https://sessionserver.mojang.com, servicesHost=https://api.minecraftservices.com, name=PROD]
[21:08:06] [ServerMain/INFO]: Loaded 1373 recipes
[21:08:06] [ServerMain/INFO]: Loaded 1484 advancements
[21:08:06] [Server thread/INFO]: Starting minecraft server version 1.21.5
[21:08:06] [Server thread/INFO]: Loading properties
[21:08:06] [Server thread/INFO]: Default game type: SURVIVAL
[21:08:06] [Server thread/INFO]: Generating keypair
[21:08:06] [Server thread/INFO]: Starting Minecraft server on *:25565
[21:08:06] [Server thread/INFO]: Using epoll channel type
[21:08:06] [Server thread/INFO]: Preparing level "Midgard"
[21:08:06] [Server thread/INFO]: Preparing start region for dimension minecraft:overworld
[21:08:07] [Worker-Main-4/INFO]: Preparing spawn area: 0%
[21:08:07] [Server thread/INFO]: Time elapsed: 364 ms
[21:08:07] [Server thread/INFO]: Done (0.495s)! For help, type "help"
[21:08:07] [Server thread/INFO]: Starting remote control listener
[21:08:07] [Server thread/INFO]: Thread RCON Listener started
[21:08:07] [Server thread/INFO]: RCON running on 0.0.0.0:25575
[21:09:07] [Server thread/INFO]: Server empty for 60 seconds, pausing
[21:52:39] [RCON Listener #1/INFO]: Thread RCON Client /0:0:0:0:0:0:0:1 started
[21:52:39] [Server thread/INFO]: [Rcon: Stopping the server]
[21:52:39] [RCON Client /0:0:0:0:0:0:0:1 #2/INFO]: Thread RCON Client /0:0:0:0:0:0:0:1 shutting down
[21:52:39] [Server thread/INFO]: Stopping server
[21:52:39] [Server thread/INFO]: Saving players
[21:52:39] [Server thread/INFO]: Saving worlds
[21:52:39] [Server thread/INFO]: Saving chunks for level 'ServerLevel[Midgard]'/minecraft:overworld
[21:52:39] [Server thread/INFO]: Saving chunks for level 'ServerLevel[Midgard]'/minecraft:the_nether
[21:52:39] [Server thread/INFO]: Saving chunks for level 'ServerLevel[Midgard]'/minecraft:the_end
[21:52:39] [Server thread/INFO]: ThreadedAnvilChunkStorage (Midgard): All chunks are saved
[21:52:39] [Server thread/INFO]: ThreadedAnvilChunkStorage (DIM-1): All chunks are saved
[21:52:39] [Server thread/INFO]: ThreadedAnvilChunkStorage (DIM1): All chunks are saved
[21:52:39] [Server thread/INFO]: ThreadedAnvilChunkStorage: All dimensions are saved
[21:52:39] [Server thread/INFO]: Thread RCON Listener stopped
